<?xml version="1.0" encoding="UTF-8"?>
<!-- Generated by org.testng.reporters.JUnitReportReporter -->
<testsuite hostname="LH7U05CG7493T4C" name="com.qa_ORMS_TestRunner.ORMS" tests="3" failures="0" timestamp="14 Aug 2018 14:55:27 GMT" time="66.290" errors="0">
  <testcase name="feature" time="26.322" classname="com.qa_ORMS_TestRunner.ORMS"/>
  <testcase name="feature" time="0.165" classname="com.qa_ORMS_TestRunner.ORMS"/>
  <testcase name="feature" time="39.803" classname="com.qa_ORMS_TestRunner.ORMS"/>
</testsuite> <!-- com.qa_ORMS_TestRunner.ORMS -->
