<?xml version="1.0" encoding="UTF-8"?>
<!-- Generated by org.testng.reporters.JUnitReportReporter -->
<testsuite hostname="LH7U05CG7493T4C" name="com.qa_ORMS_TestRunner.LoginAndSearchOverPayment" tests="1" failures="0" timestamp="8 Aug 2018 09:20:14 GMT" time="42.725" errors="0">
  <testcase name="feature" time="42.725" classname="com.qa_ORMS_TestRunner.LoginAndSearchOverPayment"/>
</testsuite> <!-- com.qa_ORMS_TestRunner.LoginAndSearchOverPayment -->
